[2025-01-01 17:41:12]	[done]
	build successfully !

[2025-01-01 17:45:52]	[done]
	build successfully !

[2025-01-01 17:47:07]	[done]
	build successfully !

[2025-01-01 17:49:18]	[done]
	build successfully !

[2025-01-01 17:49:36]	[done]
	build successfully !

[2025-01-01 17:50:52]	[done]
	build successfully !

[2025-01-01 17:52:24]	[done]
	build successfully !

[2025-01-01 17:53:14]	[done]
	build successfully !

[2025-01-01 17:54:45]	[done]
	build successfully !

[2025-01-01 17:55:23]	[done]
	build successfully !

[2025-01-01 17:55:39]	[done]
	build successfully !

[2025-01-01 17:56:02]	[done]
	build successfully !

[2025-01-01 17:57:18]	[done]
	build successfully !

[2025-01-01 18:00:33]	[done]
	build successfully !

[2025-01-01 18:04:24]	[done]
	build successfully !

[2025-01-01 18:07:53]	compilation failed at : "c:\Users\20713\桌面\TrafficLight\main.c", exit code: 2
command: 
  "c:\Keil_v5\C51\BIN\C51.exe" .\main.c OMF2 TABS(4) CODE NOCOND SYMBOLS PRINT(".\build\Target 1\.obj\main.lst") INCDIR(../../../../Keil_v5/C51/INC/Atmel;../../../../Keil_v5/C51/INC) DEFINE(__UVISION_VERSION='526') OPTIMIZE(8,SPEED) SMALL ROM(LARGE) OBJECT(".\build\Target 1\.obj\main.o")
   at unify_builder.Program.Main(String[] args_)
---
C51 COMPILER V9.60.7.0 - SN: K1DZC-IHPRNC
COPYRIGHT Copyright (C) 2012 - 2022 ARM Limited or its Affiliates. All rights reserved.
*** ERROR C247 IN LINE 24 OF .\MAIN.C: non-address/-constant initializer
*** ERROR C202 IN LINE 58 OF .\MAIN.C: 'time_north': undefined identifier
*** ERROR C202 IN LINE 59 OF .\MAIN.C: 'time_east': undefined identifier
*** ERROR C202 IN LINE 79 OF .\MAIN.C: 'time_north': undefined identifier
*** ERROR C202 IN LINE 80 OF .\MAIN.C: 'time_north': undefined identifier
*** ERROR C202 IN LINE 83 OF .\MAIN.C: 'time_east': undefined identifier
*** ERROR C202 IN LINE 84 OF .\MAIN.C: 'time_east': undefined identifier
*** ERROR C202 IN LINE 88 OF .\MAIN.C: 'time_north': undefined identifier
*** ERROR C202 IN LINE 89 OF .\MAIN.C: 'time_north': undefined identifier
*** ERROR C202 IN LINE 92 OF .\MAIN.C: 'time_east': undefined identifier
*** ERROR C202 IN LINE 93 OF .\MAIN.C: 'time_east': undefined identifier
*** ERROR C202 IN LINE 99 OF .\MAIN.C: 'time_east': undefined identifier
*** ERROR C202 IN LINE 100 OF .\MAIN.C: 'time_east': undefined identifier
*** ERROR C202 IN LINE 102 OF .\MAIN.C: 'time_north': undefined identifier
*** ERROR C202 IN LINE 103 OF .\MAIN.C: 'time_north': undefined identifier

C51 COMPILATION COMPLETE.  0 WARNING(S),  15 ERROR(S)

[2025-01-01 18:08:33]	compilation failed at : "c:\Users\20713\桌面\TrafficLight\main.c", exit code: 2
command: 
  "c:\Keil_v5\C51\BIN\C51.exe" .\main.c OMF2 TABS(4) CODE NOCOND SYMBOLS PRINT(".\build\Target 1\.obj\main.lst") INCDIR(../../../../Keil_v5/C51/INC/Atmel;../../../../Keil_v5/C51/INC) DEFINE(__UVISION_VERSION='526') OPTIMIZE(8,SPEED) SMALL ROM(LARGE) OBJECT(".\build\Target 1\.obj\main.o")
   at unify_builder.Program.Main(String[] args_)
---
C51 COMPILER V9.60.7.0 - SN: K1DZC-IHPRNC
COPYRIGHT Copyright (C) 2012 - 2022 ARM Limited or its Affiliates. All rights reserved.
*** ERROR C247 IN LINE 24 OF .\MAIN.C: non-address/-constant initializer

C51 COMPILATION COMPLETE.  0 WARNING(S),  1 ERROR(S)

[2025-01-01 18:09:32]	compilation failed at : "c:\Users\20713\桌面\TrafficLight\main.c", exit code: 2
command: 
  "c:\Keil_v5\C51\BIN\C51.exe" .\main.c OMF2 TABS(4) CODE NOCOND SYMBOLS PRINT(".\build\Target 1\.obj\main.lst") INCDIR(../../../../Keil_v5/C51/INC/Atmel;../../../../Keil_v5/C51/INC) DEFINE(__UVISION_VERSION='526') OPTIMIZE(8,SPEED) SMALL ROM(LARGE) OBJECT(".\build\Target 1\.obj\main.o")
   at unify_builder.Program.Main(String[] args_)
---
C51 COMPILER V9.60.7.0 - SN: K1DZC-IHPRNC
COPYRIGHT Copyright (C) 2012 - 2022 ARM Limited or its Affiliates. All rights reserved.
*** ERROR C247 IN LINE 24 OF .\MAIN.C: non-address/-constant initializer
*** ERROR C202 IN LINE 58 OF .\MAIN.C: 'time_north': undefined identifier
*** ERROR C202 IN LINE 59 OF .\MAIN.C: 'time_east': undefined identifier
*** ERROR C202 IN LINE 80 OF .\MAIN.C: 'time_east': undefined identifier
*** ERROR C202 IN LINE 81 OF .\MAIN.C: 'time_east': undefined identifier
*** ERROR C202 IN LINE 86 OF .\MAIN.C: 'time_east': undefined identifier
*** ERROR C202 IN LINE 87 OF .\MAIN.C: 'time_east': undefined identifier
*** ERROR C202 IN LINE 88 OF .\MAIN.C: 'time_north': undefined identifier
*** ERROR C202 IN LINE 93 OF .\MAIN.C: 'time_north': undefined identifier
*** ERROR C202 IN LINE 94 OF .\MAIN.C: 'time_north': undefined identifier
*** ERROR C202 IN LINE 99 OF .\MAIN.C: 'time_north': undefined identifier
*** ERROR C202 IN LINE 100 OF .\MAIN.C: 'time_north': undefined identifier
*** ERROR C202 IN LINE 101 OF .\MAIN.C: 'time_east': undefined identifier

C51 COMPILATION COMPLETE.  0 WARNING(S),  13 ERROR(S)

[2025-01-01 18:11:12]	compilation failed at : "c:\Users\20713\桌面\TrafficLight\main.c", exit code: 2
command: 
  "c:\Keil_v5\C51\BIN\C51.exe" .\main.c OMF2 TABS(4) CODE NOCOND SYMBOLS PRINT(".\build\Target 1\.obj\main.lst") INCDIR(../../../../Keil_v5/C51/INC/Atmel;../../../../Keil_v5/C51/INC) DEFINE(__UVISION_VERSION='526') OPTIMIZE(8,SPEED) SMALL ROM(LARGE) OBJECT(".\build\Target 1\.obj\main.o")
   at unify_builder.Program.Main(String[] args_)
---
C51 COMPILER V9.60.7.0 - SN: K1DZC-IHPRNC
COPYRIGHT Copyright (C) 2012 - 2022 ARM Limited or its Affiliates. All rights reserved.
*** ERROR C247 IN LINE 24 OF .\MAIN.C: non-address/-constant initializer
*** ERROR C247 IN LINE 25 OF .\MAIN.C: non-address/-constant initializer
*** ERROR C247 IN LINE 26 OF .\MAIN.C: non-address/-constant initializer

C51 COMPILATION COMPLETE.  0 WARNING(S),  3 ERROR(S)

[2025-01-01 18:13:07]	[done]
	build successfully !

[2025-01-01 18:15:27]	[done]
	build successfully !

[2025-01-01 18:18:33]	[done]
	build successfully !

[2025-01-01 18:20:20]	[done]
	build successfully !

[2025-01-01 18:24:23]	[done]
	build successfully !

[2025-01-01 18:25:15]	[done]
	build successfully !

[2025-01-01 18:26:30]	compilation failed at : "c:\Users\20713\桌面\TrafficLight\main.c", exit code: 2
command: 
  "c:\Keil_v5\C51\BIN\C51.exe" .\main.c OMF2 TABS(4) CODE NOCOND SYMBOLS PRINT(".\build\Target 1\.obj\main.lst") INCDIR(../../../../Keil_v5/C51/INC/Atmel;../../../../Keil_v5/C51/INC) DEFINE(__UVISION_VERSION='526') OPTIMIZE(8,SPEED) SMALL ROM(LARGE) OBJECT(".\build\Target 1\.obj\main.o")
   at unify_builder.Program.Main(String[] args_)
---
C51 COMPILER V9.60.7.0 - SN: K1DZC-IHPRNC
COPYRIGHT Copyright (C) 2012 - 2022 ARM Limited or its Affiliates. All rights reserved.
*** WARNING C206 IN LINE 73 OF .\MAIN.C: 'display_countdown': missing function-prototype
*** ERROR C267 IN LINE 73 OF .\MAIN.C: 'display_countdown': requires ANSI-style prototype

C51 COMPILATION COMPLETE.  1 WARNING(S),  1 ERROR(S)

[2025-01-01 18:26:41]	[done]
	build successfully !

[2025-01-01 18:27:57]	compilation failed at : "c:\Users\20713\桌面\TrafficLight\main.c", exit code: 2
command: 
  "c:\Keil_v5\C51\BIN\C51.exe" .\main.c OMF2 TABS(4) CODE NOCOND SYMBOLS PRINT(".\build\Target 1\.obj\main.lst") INCDIR(../../../../Keil_v5/C51/INC/Atmel;../../../../Keil_v5/C51/INC) DEFINE(__UVISION_VERSION='526') OPTIMIZE(8,SPEED) SMALL ROM(LARGE) OBJECT(".\build\Target 1\.obj\main.o")
   at unify_builder.Program.Main(String[] args_)
---
C51 COMPILER V9.60.7.0 - SN: K1DZC-IHPRNC
COPYRIGHT Copyright (C) 2012 - 2022 ARM Limited or its Affiliates. All rights reserved.
*** ERROR C141 IN LINE 28 OF .\MAIN.C: syntax error near 'sbit', expected 'bit'
*** ERROR C141 IN LINE 42 OF .\MAIN.C: syntax error near 'sbit', expected 'bit'
*** ERROR C202 IN LINE 47 OF .\MAIN.C: 'digit_high': undefined identifier
*** ERROR C202 IN LINE 48 OF .\MAIN.C: 'digit_high': undefined identifier
*** ERROR C202 IN LINE 51 OF .\MAIN.C: 'digit_low': undefined identifier
*** ERROR C202 IN LINE 52 OF .\MAIN.C: 'digit_low': undefined identifier
*** ERROR C208 IN LINE 61 OF .\MAIN.C: '_Display': too many actual parameters
*** ERROR C208 IN LINE 62 OF .\MAIN.C: '_Display': too many actual parameters
*** ERROR C208 IN LINE 71 OF .\MAIN.C: '_Display': too many actual parameters
*** ERROR C208 IN LINE 72 OF .\MAIN.C: '_Display': too many actual parameters
*** ERROR C208 IN LINE 81 OF .\MAIN.C: '_Display': too many actual parameters
*** ERROR C208 IN LINE 82 OF .\MAIN.C: '_Display': too many actual parameters
*** ERROR C208 IN LINE 91 OF .\MAIN.C: '_Display': too many actual parameters
*** ERROR C208 IN LINE 92 OF .\MAIN.C: '_Display': too many actual parameters

C51 COMPILATION COMPLETE.  0 WARNING(S),  14 ERROR(S)

[2025-01-01 18:28:05]	compilation failed at : "c:\Users\20713\桌面\TrafficLight\main.c", exit code: 2
command: 
  "c:\Keil_v5\C51\BIN\C51.exe" .\main.c OMF2 TABS(4) CODE NOCOND SYMBOLS PRINT(".\build\Target 1\.obj\main.lst") INCDIR(../../../../Keil_v5/C51/INC/Atmel;../../../../Keil_v5/C51/INC) DEFINE(__UVISION_VERSION='526') OPTIMIZE(8,SPEED) SMALL ROM(LARGE) OBJECT(".\build\Target 1\.obj\main.o")
   at unify_builder.Program.Main(String[] args_)
---
C51 COMPILER V9.60.7.0 - SN: K1DZC-IHPRNC
COPYRIGHT Copyright (C) 2012 - 2022 ARM Limited or its Affiliates. All rights reserved.
*** ERROR C141 IN LINE 28 OF .\MAIN.C: syntax error near 'sbit', expected 'bit'
*** ERROR C141 IN LINE 42 OF .\MAIN.C: syntax error near 'sbit', expected 'bit'
*** ERROR C202 IN LINE 47 OF .\MAIN.C: 'digit_high': undefined identifier
*** ERROR C202 IN LINE 48 OF .\MAIN.C: 'digit_high': undefined identifier
*** ERROR C202 IN LINE 51 OF .\MAIN.C: 'digit_low': undefined identifier
*** ERROR C202 IN LINE 52 OF .\MAIN.C: 'digit_low': undefined identifier
*** ERROR C208 IN LINE 61 OF .\MAIN.C: '_Display': too many actual parameters
*** ERROR C208 IN LINE 62 OF .\MAIN.C: '_Display': too many actual parameters
*** ERROR C208 IN LINE 71 OF .\MAIN.C: '_Display': too many actual parameters
*** ERROR C208 IN LINE 72 OF .\MAIN.C: '_Display': too many actual parameters
*** ERROR C208 IN LINE 81 OF .\MAIN.C: '_Display': too many actual parameters
*** ERROR C208 IN LINE 82 OF .\MAIN.C: '_Display': too many actual parameters
*** ERROR C208 IN LINE 91 OF .\MAIN.C: '_Display': too many actual parameters
*** ERROR C208 IN LINE 92 OF .\MAIN.C: '_Display': too many actual parameters

C51 COMPILATION COMPLETE.  0 WARNING(S),  14 ERROR(S)

[2025-01-01 18:28:51]	[done]
	build successfully !

[2025-01-01 18:29:11]	[done]
	build successfully !

[2025-01-01 18:29:43]	[done]
	build successfully !

[2025-01-01 18:29:53]	[done]
	build successfully !

[2025-01-01 18:32:56]	compilation failed at : "c:\Users\20713\桌面\TrafficLight\main.c", exit code: 2
command: 
  "c:\Keil_v5\C51\BIN\C51.exe" .\main.c OMF2 TABS(4) CODE NOCOND SYMBOLS PRINT(".\build\Target 1\.obj\main.lst") INCDIR(../../../../Keil_v5/C51/INC/Atmel;../../../../Keil_v5/C51/INC) DEFINE(__UVISION_VERSION='526') OPTIMIZE(8,SPEED) SMALL ROM(LARGE) OBJECT(".\build\Target 1\.obj\main.o")
   at unify_builder.Program.Main(String[] args_)
---
C51 COMPILER V9.60.7.0 - SN: K1DZC-IHPRNC
COPYRIGHT Copyright (C) 2012 - 2022 ARM Limited or its Affiliates. All rights reserved.
*** ERROR C141 IN LINE 76 OF .\MAIN.C: syntax error near 'unsigned', expected '__asm'
*** ERROR C202 IN LINE 76 OF .\MAIN.C: 'north_display_time': undefined identifier
*** ERROR C202 IN LINE 81 OF .\MAIN.C: 'north_display_time': undefined identifier
*** ERROR C202 IN LINE 82 OF .\MAIN.C: 'east_display_time': undefined identifier
*** ERROR C202 IN LINE 84 OF .\MAIN.C: 'north_display_time': undefined identifier
*** ERROR C202 IN LINE 85 OF .\MAIN.C: 'east_display_time': undefined identifier

C51 COMPILATION COMPLETE.  0 WARNING(S),  6 ERROR(S)

[2025-01-01 18:33:25]	compilation failed at : "c:\Users\20713\桌面\TrafficLight\main.c", exit code: 2
command: 
  "c:\Keil_v5\C51\BIN\C51.exe" .\main.c OMF2 TABS(4) CODE NOCOND SYMBOLS PRINT(".\build\Target 1\.obj\main.lst") INCDIR(../../../../Keil_v5/C51/INC/Atmel;../../../../Keil_v5/C51/INC) DEFINE(__UVISION_VERSION='526') OPTIMIZE(8,SPEED) SMALL ROM(LARGE) OBJECT(".\build\Target 1\.obj\main.o")
   at unify_builder.Program.Main(String[] args_)
---
C51 COMPILER V9.60.7.0 - SN: K1DZC-IHPRNC
COPYRIGHT Copyright (C) 2012 - 2022 ARM Limited or its Affiliates. All rights reserved.
*** ERROR C141 IN LINE 77 OF .\MAIN.C: syntax error near 'unsigned', expected '__asm'

C51 COMPILATION COMPLETE.  0 WARNING(S),  1 ERROR(S)

[2025-01-01 18:33:50]	link failed !, exit code: 2
   at unify_builder.Program.Main(String[] args_)
---

LX51 LINKER/LOCATER V4.66.100.0 - SN: K1DZC-IHPRNC
COPYRIGHT Copyright (C) 1995-2021, Arm Limited or its Affiliates. All rights reserved.
"@c:\Users\20713\桌面\TrafficLight\build\Target 1\TrafficLight.lnp" ".\build\Target 1\.obj\STARTUP.o",".\build\Target 1\.obj\main.o" TO ".\build\Target 1\TrafficLight"
PRINT(".\build\Target 1\TrafficLight.map") REMOVEUNUSED

*** ERROR L127: UNRESOLVED EXTERNAL SYMBOL
    SYMBOL:  refresh_display
    MODULE:  .\build\Target 1\.obj\main.o (MAIN)

*** ERROR L128: REFERENCE MADE TO UNRESOLVED EXTERNAL
    SYMBOL:  refresh_display
    MODULE:  .\build\Target 1\.obj\main.o (MAIN)
    ADDRESS: 100011EH

Program Size: data=18.0 xdata=0 const=0 code=358
LX51 RUN COMPLETE.  0 WARNING(S),  2 ERROR(S)


[2025-01-01 18:34:16]	[done]
	build successfully !

[2025-01-01 18:35:51]	compilation failed at : "c:\Users\20713\桌面\TrafficLight\main.c", exit code: 2
command: 
  "c:\Keil_v5\C51\BIN\C51.exe" .\main.c OMF2 TABS(4) CODE NOCOND SYMBOLS PRINT(".\build\Target 1\.obj\main.lst") INCDIR(../../../../Keil_v5/C51/INC/Atmel;../../../../Keil_v5/C51/INC) DEFINE(__UVISION_VERSION='526') OPTIMIZE(8,SPEED) SMALL ROM(LARGE) OBJECT(".\build\Target 1\.obj\main.o")
   at unify_builder.Program.Main(String[] args_)
---
C51 COMPILER V9.60.7.0 - SN: K1DZC-IHPRNC
COPYRIGHT Copyright (C) 2012 - 2022 ARM Limited or its Affiliates. All rights reserved.
*** WARNING C206 IN LINE 79 OF .\MAIN.C: 'delay': missing function-prototype
*** ERROR C267 IN LINE 79 OF .\MAIN.C: 'delay': requires ANSI-style prototype

C51 COMPILATION COMPLETE.  1 WARNING(S),  1 ERROR(S)

[2025-01-01 18:36:22]	[done]
	build successfully !

[2025-01-01 18:36:58]	[done]
	build successfully !

